<?xml version="1.0" encoding="UTF-8"?>
<!-- Generated by org.testng.reporters.JUnitReportReporter -->
<testsuite hostname="LAPTOP-FAREL36J" failures="0" tests="1" name="com.inetBankingV2.testCases.TC_Logintest_001" time="3.838" errors="0" timestamp="07 Apr 2022 12:13:32 GMT" skipped="0">
  <testcase classname="com.inetBankingV2.testCases.TC_Logintest_001" name="loginTest" time="3.838"/>
</testsuite> <!-- com.inetBankingV2.testCases.TC_Logintest_001 -->
